<?xml version="1.0" encoding="UTF-8"?>
<testsuites name="001_Place_Order-Random_Data" time="9.59" tests="4" failures="0" errors="0">
   <testsuite name="001_Place_Order-Random_Data" tests="4" failures="0" errors="0" time="9.59" skipped="0" timestamp="22-10-2024T10:58:09" hostname="JuanG - DESKTOP-U369KU2" id="Test Suites/001_Place_Order-Random_Data">
      <properties>
         <property name="deviceName" value=""/>
         <property name="devicePlatform"/>
         <property name="logFolder" value="C:\\Users\\JuanG\\git\\kalon-screen_record\\Reports\\20241022_105801\\001_Place_Order-Random_Data\\20241022_105801"/>
         <property name="logFiles" value="C:\\Users\\JuanG\\git\\kalon-screen_record\\Reports\\20241022_105801\\001_Place_Order-Random_Data\\20241022_105801\\execution0.log"/>
         <property name="attachments" value=""/>
         <property name="hostName" value="JuanG - DESKTOP-U369KU2"/>
         <property name="os" value="Windows 11 64bit"/>
         <property name="katalonVersion" value="9.7.2.223"/>
         <property name="browser" value="Chrome 129.0.0.0"/>
         <property name="hostAddress" value="192.168.56.1"/>
         <property name="sessionId" value="35ac2905e0e8021ee0e493f863acaaf5"/>
         <property name="seleniumVersion" value="3.141.59"/>
         <property name="proxyInformation" value="ProxyInformation { proxyOption=NO_PROXY, proxyServerType=HTTP, username=, password=********, proxyServerAddress=, proxyServerPort=0, executionList=&quot;&quot;, isApplyToDesiredCapabilities=true }"/>
         <property name="platform" value="Windows 11"/>
      </properties>
      <testcase name="Test Cases/001_Place_Order-Random_Data/TC_001_Sign_Up_User" time="3.013" classname="Test Cases/001_Place_Order-Random_Data/TC_001_Sign_Up_User" status="PASSED">
         <system-out><![CDATA[22-10-2024T10:58:11 - [TEST_CASE][PASSED] - Test Cases/001_Place_Order-Random_Data/TC_001_Sign_Up_User: Test Cases/001_Place_Order-Random_Data/TC_001_Sign_Up_User

22-10-2024T10:58:11 - [TEST_STEP][PASSED] - username = com.axa.portal.col.automation.bh.User.getUsername(): com.axa.portal.col.automation.bh.User.getUsername is PASSED

22-10-2024T10:58:12 - [MESSAGE][PASSED] - com.axa.portal.col.automation.bh.User.getUsername is PASSED

22-10-2024T10:58:12 - [TEST_STEP][PASSED] - password = com.axa.portal.col.automation.bh.User.getPassword(): com.axa.portal.col.automation.bh.User.getPassword is PASSED

22-10-2024T10:58:12 - [MESSAGE][PASSED] - com.axa.portal.col.automation.bh.User.getPassword is PASSED

22-10-2024T10:58:12 - [TEST_STEP][PASSED] - verifyElementClickable(findTestObject("Sign_Up-Elements/Page_STORE/a_Sign up")): Object 'Object Repository/Sign_Up-Elements/Page_STORE/a_Sign up' is clickable

22-10-2024T10:58:12 - [MESSAGE][PASSED] - Object 'Object Repository/Sign_Up-Elements/Page_STORE/a_Sign up' is clickable

22-10-2024T10:58:12 - [TEST_STEP][PASSED] - click(findTestObject("Sign_Up-Elements/Page_STORE/a_Sign up")): Object: 'Object Repository/Sign_Up-Elements/Page_STORE/a_Sign up' is clicked on

22-10-2024T10:58:12 - [MESSAGE][PASSED] - Object: 'Object Repository/Sign_Up-Elements/Page_STORE/a_Sign up' is clicked on

22-10-2024T10:58:12 - [TEST_STEP][PASSED] - verifyElementClickable(findTestObject("Sign_Up-Elements/Page_STORE/input_Username_sign-username")): Object 'Object Repository/Sign_Up-Elements/Page_STORE/input_Username_sign-username' is clickable

22-10-2024T10:58:13 - [MESSAGE][PASSED] - Object 'Object Repository/Sign_Up-Elements/Page_STORE/input_Username_sign-username' is clickable

22-10-2024T10:58:13 - [TEST_STEP][PASSED] - sendKeys(findTestObject("Sign_Up-Elements/Page_STORE/input_Username_sign-username"), username): Keys '5oac4nn0uv' sent to object: 'Object Repository/Sign_Up-Elements/Page_STORE/input_Username_sign-username'

22-10-2024T10:58:13 - [MESSAGE][PASSED] - Keys '5oac4nn0uv' sent to object: 'Object Repository/Sign_Up-Elements/Page_STORE/input_Username_sign-username'

22-10-2024T10:58:13 - [TEST_STEP][PASSED] - sendKeys(findTestObject("Sign_Up-Elements/Page_STORE/input_Password_sign-password"), password): Keys 'pdznsqnc2q' sent to object: 'Object Repository/Sign_Up-Elements/Page_STORE/input_Password_sign-password'

22-10-2024T10:58:13 - [MESSAGE][PASSED] - Keys 'pdznsqnc2q' sent to object: 'Object Repository/Sign_Up-Elements/Page_STORE/input_Password_sign-password'

22-10-2024T10:58:13 - [TEST_STEP][PASSED] - click(findTestObject("Sign_Up-Elements/Page_STORE/button_Sign up")): Object: 'Object Repository/Sign_Up-Elements/Page_STORE/button_Sign up' is clicked on

22-10-2024T10:58:14 - [MESSAGE][PASSED] - Object: 'Object Repository/Sign_Up-Elements/Page_STORE/button_Sign up' is clicked on

22-10-2024T10:58:14 - [TEST_STEP][PASSED] - waitForAlert(10): Alert is present after 10 second(s).

22-10-2024T10:58:14 - [MESSAGE][PASSED] - Alert is present after 10 second(s).

22-10-2024T10:58:14 - [TEST_STEP][PASSED] - getAlertText(): Get alert text successfully: 'Sign up successful.'

22-10-2024T10:58:14 - [MESSAGE][PASSED] - Get alert text successfully: 'Sign up successful.'

22-10-2024T10:58:14 - [TEST_STEP][PASSED] - verifyEqual(getAlertText(), "Sign up successful."): Actual object 'Sign up successful.' and expected object 'Sign up successful.' are equal

22-10-2024T10:58:14 - [MESSAGE][PASSED] - Get alert text successfully: 'Sign up successful.'

22-10-2024T10:58:14 - [MESSAGE][PASSED] - Actual object 'Sign up successful.' and expected object 'Sign up successful.' are equal]]></system-out>
         <system-err><![CDATA[]]></system-err>
      </testcase>
      <testcase name="Test Cases/001_Place_Order-Random_Data/TC_002-Log_In_User" time="3.998" classname="Test Cases/001_Place_Order-Random_Data/TC_002-Log_In_User" status="PASSED">
         <system-out><![CDATA[22-10-2024T10:58:14 - [TEST_CASE][PASSED] - Test Cases/001_Place_Order-Random_Data/TC_002-Log_In_User: Test Cases/001_Place_Order-Random_Data/TC_002-Log_In_User

22-10-2024T10:58:14 - [TEST_STEP][PASSED] - verifyElementClickable(findTestObject("Log_In-Elements/Page_STORE/a_Log in")): Object 'Object Repository/Log_In-Elements/Page_STORE/a_Log in' is clickable

22-10-2024T10:58:15 - [MESSAGE][PASSED] - Object 'Object Repository/Log_In-Elements/Page_STORE/a_Log in' is clickable

22-10-2024T10:58:15 - [TEST_STEP][PASSED] - click(findTestObject("Log_In-Elements/Page_STORE/a_Log in")): Object: 'Object Repository/Log_In-Elements/Page_STORE/a_Log in' is clicked on

22-10-2024T10:58:15 - [MESSAGE][PASSED] - Object: 'Object Repository/Log_In-Elements/Page_STORE/a_Log in' is clicked on

22-10-2024T10:58:15 - [TEST_STEP][PASSED] - waitForElementClickable(findTestObject("Log_In-Elements/Page_STORE/input_Username_loginusername"), 5): Object 'Object Repository/Log_In-Elements/Page_STORE/input_Username_loginusername' is clickable

22-10-2024T10:58:15 - [MESSAGE][PASSED] - Object 'Object Repository/Log_In-Elements/Page_STORE/input_Username_loginusername' is clickable

22-10-2024T10:58:15 - [TEST_STEP][PASSED] - sendKeys(findTestObject("Log_In-Elements/Page_STORE/input_Username_loginusername"), username): Keys '5oac4nn0uv' sent to object: 'Object Repository/Log_In-Elements/Page_STORE/input_Username_loginusername'

22-10-2024T10:58:16 - [MESSAGE][PASSED] - Keys '5oac4nn0uv' sent to object: 'Object Repository/Log_In-Elements/Page_STORE/input_Username_loginusername'

22-10-2024T10:58:16 - [TEST_STEP][PASSED] - waitForElementClickable(findTestObject("Log_In-Elements/Page_STORE/input_Password_loginpassword"), 5): Object 'Object Repository/Log_In-Elements/Page_STORE/input_Password_loginpassword' is clickable

22-10-2024T10:58:16 - [MESSAGE][PASSED] - Object 'Object Repository/Log_In-Elements/Page_STORE/input_Password_loginpassword' is clickable

22-10-2024T10:58:16 - [TEST_STEP][PASSED] - sendKeys(findTestObject("Log_In-Elements/Page_STORE/input_Password_loginpassword"), password): Keys 'pdznsqnc2q' sent to object: 'Object Repository/Log_In-Elements/Page_STORE/input_Password_loginpassword'

22-10-2024T10:58:16 - [MESSAGE][PASSED] - Keys 'pdznsqnc2q' sent to object: 'Object Repository/Log_In-Elements/Page_STORE/input_Password_loginpassword'

22-10-2024T10:58:16 - [TEST_STEP][PASSED] - verifyElementClickable(findTestObject("Log_In-Elements/Page_STORE/button_Log in")): Object 'Object Repository/Log_In-Elements/Page_STORE/button_Log in' is clickable

22-10-2024T10:58:16 - [MESSAGE][PASSED] - Object 'Object Repository/Log_In-Elements/Page_STORE/button_Log in' is clickable

22-10-2024T10:58:16 - [TEST_STEP][PASSED] - click(findTestObject("Log_In-Elements/Page_STORE/button_Log in")): Object: 'Object Repository/Log_In-Elements/Page_STORE/button_Log in' is clicked on

22-10-2024T10:58:17 - [MESSAGE][PASSED] - Object: 'Object Repository/Log_In-Elements/Page_STORE/button_Log in' is clicked on

22-10-2024T10:58:17 - [TEST_STEP][PASSED] - waitForElementPresent(findTestObject("Log_In-Elements/Page_STORE/a_Welcome"), 5): Object 'Object Repository/Log_In-Elements/Page_STORE/a_Welcome' is present

22-10-2024T10:58:18 - [MESSAGE][PASSED] - Object 'Object Repository/Log_In-Elements/Page_STORE/a_Welcome' is present

22-10-2024T10:58:18 - [TEST_STEP][PASSED] - verifyEqual(getText(findTestObject("Log_In-Elements/Page_STORE/a_Welcome")), Welcome $GlobalVariable.username): Actual object 'Welcome 5oac4nn0uv' and expected object 'Welcome 5oac4nn0uv' are equal

22-10-2024T10:58:18 - [MESSAGE][PASSED] - Text of object 'Object Repository/Log_In-Elements/Page_STORE/a_Welcome' is: 'Welcome 5oac4nn0uv'

22-10-2024T10:58:18 - [MESSAGE][PASSED] - Actual object 'Welcome 5oac4nn0uv' and expected object 'Welcome 5oac4nn0uv' are equal]]></system-out>
         <system-err><![CDATA[]]></system-err>
      </testcase>
      <testcase name="Test Cases/001_Place_Order-Random_Data/TC_003-Choose_Category_Product" time="0.034" classname="Test Cases/001_Place_Order-Random_Data/TC_003-Choose_Category_Product" status="PASSED">
         <system-out><![CDATA[22-10-2024T10:58:18 - [TEST_CASE][PASSED] - Test Cases/001_Place_Order-Random_Data/TC_003-Choose_Category_Product: Test Cases/001_Place_Order-Random_Data/TC_003-Choose_Category_Product

22-10-2024T10:58:18 - [TEST_STEP][PASSED] - return null: null]]></system-out>
         <system-err><![CDATA[]]></system-err>
      </testcase>
      <testcase name="Test Cases/001_Place_Order-Random_Data/TC_004-Place_Order" time="0.008" classname="Test Cases/001_Place_Order-Random_Data/TC_004-Place_Order" status="PASSED">
         <system-out><![CDATA[22-10-2024T10:58:18 - [TEST_CASE][PASSED] - Test Cases/001_Place_Order-Random_Data/TC_004-Place_Order: Test Cases/001_Place_Order-Random_Data/TC_004-Place_Order

22-10-2024T10:58:18 - [TEST_STEP][PASSED] - return null: null]]></system-out>
         <system-err><![CDATA[]]></system-err>
      </testcase>
      <system-out><![CDATA[22-10-2024T10:58:09 - [TEST_SUITE][PASSED] - 001_Place_Order-Random_Data: Test Cases/001_Place_Order-Random_Data/TC_004-Place_Order]]></system-out>
      <system-err><![CDATA[]]></system-err>
   </testsuite>
</testsuites>
